<?xml version="1.0" encoding="UTF-8"?>
<testsuite xmlns:xsi="http://www.w3.org/2001/XMLSchema-instance" xsi:noNamespaceSchemaLocation="https://maven.apache.org/surefire/maven-surefire-plugin/xsd/surefire-test-report-3.0.xsd" version="3.0" name="org.innay.TriangleTest" time="0.052" tests="2" errors="0" skipped="0" failures="0">
  <properties>
[...]
</properties>
  <testcase name="isThisTriangleTest" classname="org.innay.TriangleTest" time="0.017">
    <system-out><![CDATA[23:53:13.776 [main] INFO org.innay.TriangleTest - isThisTriangleTest started
]]></system-out>
  </testcase>
  <testcase name="getSquareTest" classname="org.innay.TriangleTest" time="0.002">
    <system-out><![CDATA[23:53:13.785 [main] INFO org.innay.TriangleTest - getSquareTest started
]]></system-out>
  </testcase>
</testsuite>